2024-05-30T21:13:59.427+03:30  INFO 18456 --- [blog-application] [restartedMain] com.blog_application.BlogApplication     : Starting BlogApplication using Java 17.0.10 with PID 18456 (E:\Projects\blog-application\target\classes started by Mohammad in E:\Projects\blog-application)
2024-05-30T21:13:59.430+03:30  INFO 18456 --- [blog-application] [restartedMain] com.blog_application.BlogApplication     : No active profile set, falling back to 1 default profile: "default"
2024-05-30T21:13:59.484+03:30  INFO 18456 --- [blog-application] [restartedMain] .e.DevToolsPropertyDefaultsPostProcessor : Devtools property defaults active! Set 'spring.devtools.add-properties' to 'false' to disable
2024-05-30T21:13:59.484+03:30  INFO 18456 --- [blog-application] [restartedMain] .e.DevToolsPropertyDefaultsPostProcessor : For additional web related logging consider setting the 'logging.level.web' property to 'DEBUG'
2024-05-30T21:14:00.223+03:30  INFO 18456 --- [blog-application] [restartedMain] .s.d.r.c.RepositoryConfigurationDelegate : Bootstrapping Spring Data JPA repositories in DEFAULT mode.
2024-05-30T21:14:00.245+03:30  INFO 18456 --- [blog-application] [restartedMain] .s.d.r.c.RepositoryConfigurationDelegate : Finished Spring Data repository scanning in 15 ms. Found 0 JPA repository interfaces.
2024-05-30T21:14:00.941+03:30  INFO 18456 --- [blog-application] [restartedMain] o.s.b.w.embedded.tomcat.TomcatWebServer  : Tomcat initialized with port 8081 (http)
2024-05-30T21:14:00.955+03:30  INFO 18456 --- [blog-application] [restartedMain] o.apache.catalina.core.StandardService   : Starting service [Tomcat]
2024-05-30T21:14:00.956+03:30  INFO 18456 --- [blog-application] [restartedMain] o.apache.catalina.core.StandardEngine    : Starting Servlet engine: [Apache Tomcat/10.1.24]
2024-05-30T21:14:01.010+03:30  INFO 18456 --- [blog-application] [restartedMain] o.a.c.c.C.[Tomcat].[localhost].[/]       : Initializing Spring embedded WebApplicationContext
2024-05-30T21:14:01.010+03:30  INFO 18456 --- [blog-application] [restartedMain] w.s.c.ServletWebServerApplicationContext : Root WebApplicationContext: initialization completed in 1525 ms
2024-05-30T21:14:01.192+03:30  INFO 18456 --- [blog-application] [restartedMain] o.hibernate.jpa.internal.util.LogHelper  : HHH000204: Processing PersistenceUnitInfo [name: default]
2024-05-30T21:14:01.263+03:30  INFO 18456 --- [blog-application] [restartedMain] org.hibernate.Version                    : HHH000412: Hibernate ORM core version 6.4.8.Final
2024-05-30T21:14:01.296+03:30  INFO 18456 --- [blog-application] [restartedMain] o.h.c.internal.RegionFactoryInitiator    : HHH000026: Second-level cache disabled
2024-05-30T21:14:01.606+03:30  INFO 18456 --- [blog-application] [restartedMain] o.s.o.j.p.SpringPersistenceUnitInfo      : No LoadTimeWeaver setup: ignoring JPA class transformer
2024-05-30T21:14:01.632+03:30  INFO 18456 --- [blog-application] [restartedMain] com.zaxxer.hikari.HikariDataSource       : HikariPool-1 - Starting...
2024-05-30T21:14:01.902+03:30  INFO 18456 --- [blog-application] [restartedMain] com.zaxxer.hikari.pool.HikariPool        : HikariPool-1 - Added connection org.postgresql.jdbc.PgConnection@3d94ed3f
2024-05-30T21:14:01.904+03:30  INFO 18456 --- [blog-application] [restartedMain] com.zaxxer.hikari.HikariDataSource       : HikariPool-1 - Start completed.
2024-05-30T21:14:01.953+03:30  WARN 18456 --- [blog-application] [restartedMain] org.hibernate.orm.deprecation            : HHH90000025: PostgreSQLDialect does not need to be specified explicitly using 'hibernate.dialect' (remove the property setting and it will be selected by default)
2024-05-30T21:14:02.374+03:30  INFO 18456 --- [blog-application] [restartedMain] o.h.e.t.j.p.i.JtaPlatformInitiator       : HHH000489: No JTA platform available (set 'hibernate.transaction.jta.platform' to enable JTA platform integration)
2024-05-30T21:14:02.379+03:30  INFO 18456 --- [blog-application] [restartedMain] j.LocalContainerEntityManagerFactoryBean : Initialized JPA EntityManagerFactory for persistence unit 'default'
2024-05-30T21:14:02.446+03:30  WARN 18456 --- [blog-application] [restartedMain] JpaBaseConfiguration$JpaWebConfiguration : spring.jpa.open-in-view is enabled by default. Therefore, database queries may be performed during view rendering. Explicitly configure spring.jpa.open-in-view to disable this warning
2024-05-30T21:14:02.889+03:30  INFO 18456 --- [blog-application] [restartedMain] o.s.b.d.a.OptionalLiveReloadServer       : LiveReload server is running on port 35729
2024-05-30T21:14:02.938+03:30  INFO 18456 --- [blog-application] [restartedMain] o.s.b.w.embedded.tomcat.TomcatWebServer  : Tomcat started on port 8081 (http) with context path ''
2024-05-30T21:14:02.950+03:30  INFO 18456 --- [blog-application] [restartedMain] com.blog_application.BlogApplication     : Started BlogApplication in 4.151 seconds (process running for 5.4)
2024-05-30T21:16:04.568+03:30  INFO 18456 --- [blog-application] [File Watcher] rtingClassPathChangeChangedEventListener : Restarting due to 2 class path changes (0 additions, 1 deletion, 1 modification)
2024-05-30T21:16:04.581+03:30  INFO 18456 --- [blog-application] [Thread-5] j.LocalContainerEntityManagerFactoryBean : Closing JPA EntityManagerFactory for persistence unit 'default'
2024-05-30T21:16:04.585+03:30  INFO 18456 --- [blog-application] [Thread-5] com.zaxxer.hikari.HikariDataSource       : HikariPool-1 - Shutdown initiated...
2024-05-30T21:16:04.595+03:30  INFO 18456 --- [blog-application] [Thread-5] com.zaxxer.hikari.HikariDataSource       : HikariPool-1 - Shutdown completed.
2024-05-30T21:16:04.696+03:30  INFO 18456 --- [blog-application] [restartedMain] com.blog_application.BlogApplication     : Starting BlogApplication using Java 17.0.10 with PID 18456 (E:\Projects\blog-application\target\classes started by Mohammad in E:\Projects\blog-application)
2024-05-30T21:16:04.697+03:30  INFO 18456 --- [blog-application] [restartedMain] com.blog_application.BlogApplication     : No active profile set, falling back to 1 default profile: "default"
2024-05-30T21:16:04.898+03:30  INFO 18456 --- [blog-application] [restartedMain] .s.d.r.c.RepositoryConfigurationDelegate : Bootstrapping Spring Data JPA repositories in DEFAULT mode.
2024-05-30T21:16:04.899+03:30  INFO 18456 --- [blog-application] [restartedMain] .s.d.r.c.RepositoryConfigurationDelegate : Finished Spring Data repository scanning in 0 ms. Found 0 JPA repository interfaces.
2024-05-30T21:16:05.038+03:30  INFO 18456 --- [blog-application] [restartedMain] o.s.b.w.embedded.tomcat.TomcatWebServer  : Tomcat initialized with port 8081 (http)
2024-05-30T21:16:05.039+03:30  INFO 18456 --- [blog-application] [restartedMain] o.apache.catalina.core.StandardService   : Starting service [Tomcat]
2024-05-30T21:16:05.039+03:30  INFO 18456 --- [blog-application] [restartedMain] o.apache.catalina.core.StandardEngine    : Starting Servlet engine: [Apache Tomcat/10.1.24]
2024-05-30T21:16:05.063+03:30  INFO 18456 --- [blog-application] [restartedMain] o.a.c.c.C.[Tomcat].[localhost].[/]       : Initializing Spring embedded WebApplicationContext
2024-05-30T21:16:05.063+03:30  INFO 18456 --- [blog-application] [restartedMain] w.s.c.ServletWebServerApplicationContext : Root WebApplicationContext: initialization completed in 363 ms
2024-05-30T21:16:05.118+03:30  INFO 18456 --- [blog-application] [restartedMain] o.hibernate.jpa.internal.util.LogHelper  : HHH000204: Processing PersistenceUnitInfo [name: default]
2024-05-30T21:16:05.121+03:30  INFO 18456 --- [blog-application] [restartedMain] o.h.c.internal.RegionFactoryInitiator    : HHH000026: Second-level cache disabled
2024-05-30T21:16:05.126+03:30  INFO 18456 --- [blog-application] [restartedMain] o.s.o.j.p.SpringPersistenceUnitInfo      : No LoadTimeWeaver setup: ignoring JPA class transformer
2024-05-30T21:16:05.127+03:30  INFO 18456 --- [blog-application] [restartedMain] com.zaxxer.hikari.HikariDataSource       : HikariPool-2 - Starting...
2024-05-30T21:16:05.201+03:30  INFO 18456 --- [blog-application] [restartedMain] com.zaxxer.hikari.pool.HikariPool        : HikariPool-2 - Added connection org.postgresql.jdbc.PgConnection@4c10f9df
2024-05-30T21:16:05.201+03:30  INFO 18456 --- [blog-application] [restartedMain] com.zaxxer.hikari.HikariDataSource       : HikariPool-2 - Start completed.
2024-05-30T21:16:05.215+03:30  WARN 18456 --- [blog-application] [restartedMain] org.hibernate.orm.deprecation            : HHH90000025: PostgreSQLDialect does not need to be specified explicitly using 'hibernate.dialect' (remove the property setting and it will be selected by default)
2024-05-30T21:16:05.233+03:30  INFO 18456 --- [blog-application] [restartedMain] o.h.e.t.j.p.i.JtaPlatformInitiator       : HHH000489: No JTA platform available (set 'hibernate.transaction.jta.platform' to enable JTA platform integration)
2024-05-30T21:16:05.234+03:30  INFO 18456 --- [blog-application] [restartedMain] j.LocalContainerEntityManagerFactoryBean : Initialized JPA EntityManagerFactory for persistence unit 'default'
2024-05-30T21:16:05.256+03:30  WARN 18456 --- [blog-application] [restartedMain] JpaBaseConfiguration$JpaWebConfiguration : spring.jpa.open-in-view is enabled by default. Therefore, database queries may be performed during view rendering. Explicitly configure spring.jpa.open-in-view to disable this warning
2024-05-30T21:16:05.414+03:30  INFO 18456 --- [blog-application] [restartedMain] o.s.b.d.a.OptionalLiveReloadServer       : LiveReload server is running on port 35729
2024-05-30T21:16:05.429+03:30  INFO 18456 --- [blog-application] [restartedMain] o.s.b.w.embedded.tomcat.TomcatWebServer  : Tomcat started on port 8081 (http) with context path ''
2024-05-30T21:16:05.433+03:30  INFO 18456 --- [blog-application] [restartedMain] com.blog_application.BlogApplication     : Started BlogApplication in 0.768 seconds (process running for 127.883)
2024-05-30T21:16:05.437+03:30  INFO 18456 --- [blog-application] [restartedMain] .ConditionEvaluationDeltaLoggingListener : Condition evaluation unchanged
2024-05-30T21:16:06.827+03:30  INFO 18456 --- [blog-application] [File Watcher] rtingClassPathChangeChangedEventListener : Restarting due to 1 class path change (1 addition, 0 deletions, 0 modifications)
2024-05-30T21:16:06.832+03:30  INFO 18456 --- [blog-application] [Thread-7] j.LocalContainerEntityManagerFactoryBean : Closing JPA EntityManagerFactory for persistence unit 'default'
2024-05-30T21:16:06.833+03:30  INFO 18456 --- [blog-application] [Thread-7] com.zaxxer.hikari.HikariDataSource       : HikariPool-2 - Shutdown initiated...
2024-05-30T21:16:06.837+03:30  INFO 18456 --- [blog-application] [Thread-7] com.zaxxer.hikari.HikariDataSource       : HikariPool-2 - Shutdown completed.
2024-05-30T21:16:06.957+03:30  INFO 18456 --- [blog-application] [restartedMain] com.blog_application.BlogApplication     : Starting BlogApplication using Java 17.0.10 with PID 18456 (E:\Projects\blog-application\target\classes started by Mohammad in E:\Projects\blog-application)
2024-05-30T21:16:06.958+03:30  INFO 18456 --- [blog-application] [restartedMain] com.blog_application.BlogApplication     : No active profile set, falling back to 1 default profile: "default"
2024-05-30T21:16:07.208+03:30  INFO 18456 --- [blog-application] [restartedMain] .s.d.r.c.RepositoryConfigurationDelegate : Bootstrapping Spring Data JPA repositories in DEFAULT mode.
2024-05-30T21:16:07.211+03:30  INFO 18456 --- [blog-application] [restartedMain] .s.d.r.c.RepositoryConfigurationDelegate : Finished Spring Data repository scanning in 2 ms. Found 0 JPA repository interfaces.
2024-05-30T21:16:07.380+03:30  INFO 18456 --- [blog-application] [restartedMain] o.s.b.w.embedded.tomcat.TomcatWebServer  : Tomcat initialized with port 8081 (http)
2024-05-30T21:16:07.381+03:30  INFO 18456 --- [blog-application] [restartedMain] o.apache.catalina.core.StandardService   : Starting service [Tomcat]
2024-05-30T21:16:07.381+03:30  INFO 18456 --- [blog-application] [restartedMain] o.apache.catalina.core.StandardEngine    : Starting Servlet engine: [Apache Tomcat/10.1.24]
2024-05-30T21:16:07.415+03:30  INFO 18456 --- [blog-application] [restartedMain] o.a.c.c.C.[Tomcat].[localhost].[/]       : Initializing Spring embedded WebApplicationContext
2024-05-30T21:16:07.416+03:30  INFO 18456 --- [blog-application] [restartedMain] w.s.c.ServletWebServerApplicationContext : Root WebApplicationContext: initialization completed in 455 ms
2024-05-30T21:16:07.473+03:30  INFO 18456 --- [blog-application] [restartedMain] o.hibernate.jpa.internal.util.LogHelper  : HHH000204: Processing PersistenceUnitInfo [name: default]
2024-05-30T21:16:07.478+03:30  INFO 18456 --- [blog-application] [restartedMain] o.h.c.internal.RegionFactoryInitiator    : HHH000026: Second-level cache disabled
2024-05-30T21:16:07.484+03:30  INFO 18456 --- [blog-application] [restartedMain] o.s.o.j.p.SpringPersistenceUnitInfo      : No LoadTimeWeaver setup: ignoring JPA class transformer
2024-05-30T21:16:07.485+03:30  INFO 18456 --- [blog-application] [restartedMain] com.zaxxer.hikari.HikariDataSource       : HikariPool-3 - Starting...
2024-05-30T21:16:07.564+03:30  INFO 18456 --- [blog-application] [restartedMain] com.zaxxer.hikari.pool.HikariPool        : HikariPool-3 - Added connection org.postgresql.jdbc.PgConnection@25b3299f
2024-05-30T21:16:07.565+03:30  INFO 18456 --- [blog-application] [restartedMain] com.zaxxer.hikari.HikariDataSource       : HikariPool-3 - Start completed.
2024-05-30T21:16:07.582+03:30  WARN 18456 --- [blog-application] [restartedMain] org.hibernate.orm.deprecation            : HHH90000025: PostgreSQLDialect does not need to be specified explicitly using 'hibernate.dialect' (remove the property setting and it will be selected by default)
2024-05-30T21:16:07.608+03:30  INFO 18456 --- [blog-application] [restartedMain] o.h.e.t.j.p.i.JtaPlatformInitiator       : HHH000489: No JTA platform available (set 'hibernate.transaction.jta.platform' to enable JTA platform integration)
2024-05-30T21:16:07.609+03:30  INFO 18456 --- [blog-application] [restartedMain] j.LocalContainerEntityManagerFactoryBean : Initialized JPA EntityManagerFactory for persistence unit 'default'
2024-05-30T21:16:07.656+03:30  WARN 18456 --- [blog-application] [restartedMain] JpaBaseConfiguration$JpaWebConfiguration : spring.jpa.open-in-view is enabled by default. Therefore, database queries may be performed during view rendering. Explicitly configure spring.jpa.open-in-view to disable this warning
2024-05-30T21:16:07.872+03:30  INFO 18456 --- [blog-application] [restartedMain] o.s.b.d.a.OptionalLiveReloadServer       : LiveReload server is running on port 35729
2024-05-30T21:16:07.889+03:30  INFO 18456 --- [blog-application] [restartedMain] o.s.b.w.embedded.tomcat.TomcatWebServer  : Tomcat started on port 8081 (http) with context path ''
2024-05-30T21:16:07.896+03:30  INFO 18456 --- [blog-application] [restartedMain] com.blog_application.BlogApplication     : Started BlogApplication in 0.974 seconds (process running for 130.345)
2024-05-30T21:16:07.899+03:30  INFO 18456 --- [blog-application] [restartedMain] .ConditionEvaluationDeltaLoggingListener : Condition evaluation unchanged
2024-05-30T21:23:47.912+03:30  INFO 18456 --- [blog-application] [SpringApplicationShutdownHook] j.LocalContainerEntityManagerFactoryBean : Closing JPA EntityManagerFactory for persistence unit 'default'
2024-05-30T21:23:47.914+03:30  INFO 18456 --- [blog-application] [SpringApplicationShutdownHook] com.zaxxer.hikari.HikariDataSource       : HikariPool-3 - Shutdown initiated...
2024-05-30T21:23:47.923+03:30  INFO 18456 --- [blog-application] [SpringApplicationShutdownHook] com.zaxxer.hikari.HikariDataSource       : HikariPool-3 - Shutdown completed.
2024-05-30T21:23:50.860+03:30  INFO 13024 --- [blog-application] [restartedMain] com.blog_application.BlogApplication     : Starting BlogApplication using Java 17.0.10 with PID 13024 (E:\Projects\blog-application\target\classes started by Mohammad in E:\Projects\blog-application)
2024-05-30T21:23:50.864+03:30  INFO 13024 --- [blog-application] [restartedMain] com.blog_application.BlogApplication     : No active profile set, falling back to 1 default profile: "default"
2024-05-30T21:23:50.917+03:30  INFO 13024 --- [blog-application] [restartedMain] .e.DevToolsPropertyDefaultsPostProcessor : Devtools property defaults active! Set 'spring.devtools.add-properties' to 'false' to disable
2024-05-30T21:23:50.918+03:30  INFO 13024 --- [blog-application] [restartedMain] .e.DevToolsPropertyDefaultsPostProcessor : For additional web related logging consider setting the 'logging.level.web' property to 'DEBUG'
2024-05-30T21:23:51.568+03:30  INFO 13024 --- [blog-application] [restartedMain] .s.d.r.c.RepositoryConfigurationDelegate : Bootstrapping Spring Data JPA repositories in DEFAULT mode.
2024-05-30T21:23:51.586+03:30  INFO 13024 --- [blog-application] [restartedMain] .s.d.r.c.RepositoryConfigurationDelegate : Finished Spring Data repository scanning in 11 ms. Found 0 JPA repository interfaces.
2024-05-30T21:23:52.142+03:30  INFO 13024 --- [blog-application] [restartedMain] o.s.b.w.embedded.tomcat.TomcatWebServer  : Tomcat initialized with port 8081 (http)
2024-05-30T21:23:52.155+03:30  INFO 13024 --- [blog-application] [restartedMain] o.apache.catalina.core.StandardService   : Starting service [Tomcat]
2024-05-30T21:23:52.156+03:30  INFO 13024 --- [blog-application] [restartedMain] o.apache.catalina.core.StandardEngine    : Starting Servlet engine: [Apache Tomcat/10.1.24]
2024-05-30T21:23:52.223+03:30  INFO 13024 --- [blog-application] [restartedMain] o.a.c.c.C.[Tomcat].[localhost].[/]       : Initializing Spring embedded WebApplicationContext
2024-05-30T21:23:52.224+03:30  INFO 13024 --- [blog-application] [restartedMain] w.s.c.ServletWebServerApplicationContext : Root WebApplicationContext: initialization completed in 1306 ms
2024-05-30T21:23:52.422+03:30  INFO 13024 --- [blog-application] [restartedMain] o.hibernate.jpa.internal.util.LogHelper  : HHH000204: Processing PersistenceUnitInfo [name: default]
2024-05-30T21:23:52.477+03:30  INFO 13024 --- [blog-application] [restartedMain] org.hibernate.Version                    : HHH000412: Hibernate ORM core version 6.4.8.Final
2024-05-30T21:23:52.513+03:30  INFO 13024 --- [blog-application] [restartedMain] o.h.c.internal.RegionFactoryInitiator    : HHH000026: Second-level cache disabled
2024-05-30T21:23:52.767+03:30  INFO 13024 --- [blog-application] [restartedMain] o.s.o.j.p.SpringPersistenceUnitInfo      : No LoadTimeWeaver setup: ignoring JPA class transformer
2024-05-30T21:23:52.793+03:30  INFO 13024 --- [blog-application] [restartedMain] com.zaxxer.hikari.HikariDataSource       : HikariPool-1 - Starting...
2024-05-30T21:23:53.018+03:30  INFO 13024 --- [blog-application] [restartedMain] com.zaxxer.hikari.pool.HikariPool        : HikariPool-1 - Added connection org.postgresql.jdbc.PgConnection@2aa724ea
2024-05-30T21:23:53.019+03:30  INFO 13024 --- [blog-application] [restartedMain] com.zaxxer.hikari.HikariDataSource       : HikariPool-1 - Start completed.
2024-05-30T21:23:53.073+03:30  WARN 13024 --- [blog-application] [restartedMain] org.hibernate.orm.deprecation            : HHH90000025: PostgreSQLDialect does not need to be specified explicitly using 'hibernate.dialect' (remove the property setting and it will be selected by default)
2024-05-30T21:23:53.444+03:30  INFO 13024 --- [blog-application] [restartedMain] o.h.e.t.j.p.i.JtaPlatformInitiator       : HHH000489: No JTA platform available (set 'hibernate.transaction.jta.platform' to enable JTA platform integration)
2024-05-30T21:23:53.450+03:30  INFO 13024 --- [blog-application] [restartedMain] j.LocalContainerEntityManagerFactoryBean : Initialized JPA EntityManagerFactory for persistence unit 'default'
2024-05-30T21:23:53.551+03:30  WARN 13024 --- [blog-application] [restartedMain] JpaBaseConfiguration$JpaWebConfiguration : spring.jpa.open-in-view is enabled by default. Therefore, database queries may be performed during view rendering. Explicitly configure spring.jpa.open-in-view to disable this warning
2024-05-30T21:23:54.119+03:30  INFO 13024 --- [blog-application] [restartedMain] o.s.b.d.a.OptionalLiveReloadServer       : LiveReload server is running on port 35729
2024-05-30T21:23:54.177+03:30  INFO 13024 --- [blog-application] [restartedMain] o.s.b.w.embedded.tomcat.TomcatWebServer  : Tomcat started on port 8081 (http) with context path ''
2024-05-30T21:23:54.199+03:30  INFO 13024 --- [blog-application] [restartedMain] com.blog_application.BlogApplication     : Started BlogApplication in 3.822 seconds (process running for 4.543)
2024-05-30T23:11:01.234+03:30  WARN 13024 --- [blog-application] [HikariPool-1 housekeeper] com.zaxxer.hikari.pool.HikariPool        : HikariPool-1 - Thread starvation or clock leap detected (housekeeper delta=1h35m42s473ms751µs400ns).
2024-05-30T23:18:46.081+03:30  INFO 13024 --- [blog-application] [File Watcher] rtingClassPathChangeChangedEventListener : Restarting due to 1 class path change (0 additions, 0 deletions, 1 modification)
2024-05-30T23:18:46.103+03:30  INFO 13024 --- [blog-application] [Thread-5] j.LocalContainerEntityManagerFactoryBean : Closing JPA EntityManagerFactory for persistence unit 'default'
2024-05-30T23:18:46.109+03:30  INFO 13024 --- [blog-application] [Thread-5] com.zaxxer.hikari.HikariDataSource       : HikariPool-1 - Shutdown initiated...
2024-05-30T23:18:46.120+03:30  INFO 13024 --- [blog-application] [Thread-5] com.zaxxer.hikari.HikariDataSource       : HikariPool-1 - Shutdown completed.
2024-05-30T23:18:46.243+03:30  INFO 13024 --- [blog-application] [restartedMain] com.blog_application.BlogApplication     : Starting BlogApplication using Java 17.0.10 with PID 13024 (E:\Projects\blog-application\target\classes started by Mohammad in E:\Projects\blog-application)
2024-05-30T23:18:46.244+03:30  INFO 13024 --- [blog-application] [restartedMain] com.blog_application.BlogApplication     : No active profile set, falling back to 1 default profile: "default"
2024-05-30T23:18:46.428+03:30  INFO 13024 --- [blog-application] [restartedMain] .s.d.r.c.RepositoryConfigurationDelegate : Bootstrapping Spring Data JPA repositories in DEFAULT mode.
2024-05-30T23:18:46.430+03:30  INFO 13024 --- [blog-application] [restartedMain] .s.d.r.c.RepositoryConfigurationDelegate : Finished Spring Data repository scanning in 1 ms. Found 0 JPA repository interfaces.
2024-05-30T23:18:46.527+03:30  INFO 13024 --- [blog-application] [restartedMain] o.s.b.w.embedded.tomcat.TomcatWebServer  : Tomcat initialized with port 8081 (http)
2024-05-30T23:18:46.528+03:30  INFO 13024 --- [blog-application] [restartedMain] o.apache.catalina.core.StandardService   : Starting service [Tomcat]
2024-05-30T23:18:46.528+03:30  INFO 13024 --- [blog-application] [restartedMain] o.apache.catalina.core.StandardEngine    : Starting Servlet engine: [Apache Tomcat/10.1.24]
2024-05-30T23:18:46.549+03:30  INFO 13024 --- [blog-application] [restartedMain] o.a.c.c.C.[Tomcat].[localhost].[/]       : Initializing Spring embedded WebApplicationContext
2024-05-30T23:18:46.549+03:30  INFO 13024 --- [blog-application] [restartedMain] w.s.c.ServletWebServerApplicationContext : Root WebApplicationContext: initialization completed in 301 ms
2024-05-30T23:18:46.584+03:30  INFO 13024 --- [blog-application] [restartedMain] o.hibernate.jpa.internal.util.LogHelper  : HHH000204: Processing PersistenceUnitInfo [name: default]
2024-05-30T23:18:46.586+03:30  INFO 13024 --- [blog-application] [restartedMain] o.h.c.internal.RegionFactoryInitiator    : HHH000026: Second-level cache disabled
2024-05-30T23:18:46.591+03:30  INFO 13024 --- [blog-application] [restartedMain] o.s.o.j.p.SpringPersistenceUnitInfo      : No LoadTimeWeaver setup: ignoring JPA class transformer
2024-05-30T23:18:46.592+03:30  INFO 13024 --- [blog-application] [restartedMain] com.zaxxer.hikari.HikariDataSource       : HikariPool-2 - Starting...
2024-05-30T23:18:46.759+03:30  INFO 13024 --- [blog-application] [restartedMain] com.zaxxer.hikari.pool.HikariPool        : HikariPool-2 - Added connection org.postgresql.jdbc.PgConnection@13fe7ede
2024-05-30T23:18:46.760+03:30  INFO 13024 --- [blog-application] [restartedMain] com.zaxxer.hikari.HikariDataSource       : HikariPool-2 - Start completed.
2024-05-30T23:18:46.781+03:30  WARN 13024 --- [blog-application] [restartedMain] org.hibernate.orm.deprecation            : HHH90000025: PostgreSQLDialect does not need to be specified explicitly using 'hibernate.dialect' (remove the property setting and it will be selected by default)
2024-05-30T23:18:46.798+03:30  INFO 13024 --- [blog-application] [restartedMain] o.h.e.t.j.p.i.JtaPlatformInitiator       : HHH000489: No JTA platform available (set 'hibernate.transaction.jta.platform' to enable JTA platform integration)
2024-05-30T23:18:46.799+03:30  INFO 13024 --- [blog-application] [restartedMain] j.LocalContainerEntityManagerFactoryBean : Initialized JPA EntityManagerFactory for persistence unit 'default'
2024-05-30T23:18:46.824+03:30  WARN 13024 --- [blog-application] [restartedMain] JpaBaseConfiguration$JpaWebConfiguration : spring.jpa.open-in-view is enabled by default. Therefore, database queries may be performed during view rendering. Explicitly configure spring.jpa.open-in-view to disable this warning
2024-05-30T23:18:46.982+03:30  INFO 13024 --- [blog-application] [restartedMain] o.s.b.d.a.OptionalLiveReloadServer       : LiveReload server is running on port 35729
2024-05-30T23:18:47.003+03:30  INFO 13024 --- [blog-application] [restartedMain] o.s.b.w.embedded.tomcat.TomcatWebServer  : Tomcat started on port 8081 (http) with context path ''
2024-05-30T23:18:47.009+03:30  INFO 13024 --- [blog-application] [restartedMain] com.blog_application.BlogApplication     : Started BlogApplication in 0.803 seconds (process running for 6901.899)
2024-05-30T23:18:47.012+03:30  INFO 13024 --- [blog-application] [restartedMain] .ConditionEvaluationDeltaLoggingListener : Condition evaluation unchanged
2024-05-30T23:36:37.096+03:30  INFO 13024 --- [blog-application] [SpringApplicationShutdownHook] j.LocalContainerEntityManagerFactoryBean : Closing JPA EntityManagerFactory for persistence unit 'default'
2024-05-30T23:36:37.098+03:30  INFO 13024 --- [blog-application] [SpringApplicationShutdownHook] com.zaxxer.hikari.HikariDataSource       : HikariPool-2 - Shutdown initiated...
2024-05-30T23:36:37.111+03:30  INFO 13024 --- [blog-application] [SpringApplicationShutdownHook] com.zaxxer.hikari.HikariDataSource       : HikariPool-2 - Shutdown completed.
2024-05-30T23:37:22.375+03:30  INFO 2620 --- [blog-application] [restartedMain] com.blog_application.BlogApplication     : Starting BlogApplication using Java 17.0.10 with PID 2620 (E:\Projects\blog-application\target\classes started by Mohammad in E:\Projects\blog-application)
2024-05-30T23:37:22.379+03:30  INFO 2620 --- [blog-application] [restartedMain] com.blog_application.BlogApplication     : No active profile set, falling back to 1 default profile: "default"
2024-05-30T23:37:22.432+03:30  INFO 2620 --- [blog-application] [restartedMain] .e.DevToolsPropertyDefaultsPostProcessor : Devtools property defaults active! Set 'spring.devtools.add-properties' to 'false' to disable
2024-05-30T23:37:22.433+03:30  INFO 2620 --- [blog-application] [restartedMain] .e.DevToolsPropertyDefaultsPostProcessor : For additional web related logging consider setting the 'logging.level.web' property to 'DEBUG'
2024-05-30T23:37:23.154+03:30  INFO 2620 --- [blog-application] [restartedMain] .s.d.r.c.RepositoryConfigurationDelegate : Bootstrapping Spring Data JPA repositories in DEFAULT mode.
2024-05-30T23:37:23.177+03:30  INFO 2620 --- [blog-application] [restartedMain] .s.d.r.c.RepositoryConfigurationDelegate : Finished Spring Data repository scanning in 15 ms. Found 0 JPA repository interfaces.
2024-05-30T23:37:23.789+03:30  INFO 2620 --- [blog-application] [restartedMain] o.s.b.w.embedded.tomcat.TomcatWebServer  : Tomcat initialized with port 8081 (http)
2024-05-30T23:37:23.803+03:30  INFO 2620 --- [blog-application] [restartedMain] o.apache.catalina.core.StandardService   : Starting service [Tomcat]
2024-05-30T23:37:23.804+03:30  INFO 2620 --- [blog-application] [restartedMain] o.apache.catalina.core.StandardEngine    : Starting Servlet engine: [Apache Tomcat/10.1.24]
2024-05-30T23:37:23.864+03:30  INFO 2620 --- [blog-application] [restartedMain] o.a.c.c.C.[Tomcat].[localhost].[/]       : Initializing Spring embedded WebApplicationContext
2024-05-30T23:37:23.865+03:30  INFO 2620 --- [blog-application] [restartedMain] w.s.c.ServletWebServerApplicationContext : Root WebApplicationContext: initialization completed in 1432 ms
2024-05-30T23:37:24.047+03:30  INFO 2620 --- [blog-application] [restartedMain] o.hibernate.jpa.internal.util.LogHelper  : HHH000204: Processing PersistenceUnitInfo [name: default]
2024-05-30T23:37:24.132+03:30  INFO 2620 --- [blog-application] [restartedMain] org.hibernate.Version                    : HHH000412: Hibernate ORM core version 6.4.8.Final
2024-05-30T23:37:24.178+03:30  INFO 2620 --- [blog-application] [restartedMain] o.h.c.internal.RegionFactoryInitiator    : HHH000026: Second-level cache disabled
2024-05-30T23:37:24.490+03:30  INFO 2620 --- [blog-application] [restartedMain] o.s.o.j.p.SpringPersistenceUnitInfo      : No LoadTimeWeaver setup: ignoring JPA class transformer
2024-05-30T23:37:24.522+03:30  INFO 2620 --- [blog-application] [restartedMain] com.zaxxer.hikari.HikariDataSource       : HikariPool-1 - Starting...
2024-05-30T23:37:24.928+03:30  INFO 2620 --- [blog-application] [restartedMain] com.zaxxer.hikari.pool.HikariPool        : HikariPool-1 - Added connection org.postgresql.jdbc.PgConnection@f9777d0
2024-05-30T23:37:24.929+03:30  INFO 2620 --- [blog-application] [restartedMain] com.zaxxer.hikari.HikariDataSource       : HikariPool-1 - Start completed.
2024-05-30T23:37:24.983+03:30  WARN 2620 --- [blog-application] [restartedMain] org.hibernate.orm.deprecation            : HHH90000025: PostgreSQLDialect does not need to be specified explicitly using 'hibernate.dialect' (remove the property setting and it will be selected by default)
2024-05-30T23:37:25.419+03:30  INFO 2620 --- [blog-application] [restartedMain] o.h.e.t.j.p.i.JtaPlatformInitiator       : HHH000489: No JTA platform available (set 'hibernate.transaction.jta.platform' to enable JTA platform integration)
2024-05-30T23:37:25.425+03:30  INFO 2620 --- [blog-application] [restartedMain] j.LocalContainerEntityManagerFactoryBean : Initialized JPA EntityManagerFactory for persistence unit 'default'
2024-05-30T23:37:25.481+03:30  WARN 2620 --- [blog-application] [restartedMain] JpaBaseConfiguration$JpaWebConfiguration : spring.jpa.open-in-view is enabled by default. Therefore, database queries may be performed during view rendering. Explicitly configure spring.jpa.open-in-view to disable this warning
2024-05-30T23:37:25.942+03:30  INFO 2620 --- [blog-application] [restartedMain] o.s.b.d.a.OptionalLiveReloadServer       : LiveReload server is running on port 35729
2024-05-30T23:37:25.983+03:30  INFO 2620 --- [blog-application] [restartedMain] o.s.b.w.embedded.tomcat.TomcatWebServer  : Tomcat started on port 8081 (http) with context path ''
2024-05-30T23:37:25.996+03:30  INFO 2620 --- [blog-application] [restartedMain] com.blog_application.BlogApplication     : Started BlogApplication in 4.116 seconds (process running for 5.008)
2024-05-30T23:42:30.166+03:30  INFO 2620 --- [blog-application] [File Watcher] rtingClassPathChangeChangedEventListener : Restarting due to 1 class path change (1 addition, 0 deletions, 0 modifications)
2024-05-30T23:42:30.188+03:30  INFO 2620 --- [blog-application] [Thread-5] j.LocalContainerEntityManagerFactoryBean : Closing JPA EntityManagerFactory for persistence unit 'default'
2024-05-30T23:42:30.193+03:30  INFO 2620 --- [blog-application] [Thread-5] com.zaxxer.hikari.HikariDataSource       : HikariPool-1 - Shutdown initiated...
2024-05-30T23:42:30.206+03:30  INFO 2620 --- [blog-application] [Thread-5] com.zaxxer.hikari.HikariDataSource       : HikariPool-1 - Shutdown completed.
2024-05-30T23:42:30.328+03:30  INFO 2620 --- [blog-application] [restartedMain] com.blog_application.BlogApplication     : Starting BlogApplication using Java 17.0.10 with PID 2620 (E:\Projects\blog-application\target\classes started by Mohammad in E:\Projects\blog-application)
2024-05-30T23:42:30.330+03:30  INFO 2620 --- [blog-application] [restartedMain] com.blog_application.BlogApplication     : No active profile set, falling back to 1 default profile: "default"
2024-05-30T23:42:30.564+03:30  INFO 2620 --- [blog-application] [restartedMain] .s.d.r.c.RepositoryConfigurationDelegate : Bootstrapping Spring Data JPA repositories in DEFAULT mode.
2024-05-30T23:42:30.567+03:30  INFO 2620 --- [blog-application] [restartedMain] .s.d.r.c.RepositoryConfigurationDelegate : Finished Spring Data repository scanning in 1 ms. Found 0 JPA repository interfaces.
2024-05-30T23:42:30.665+03:30  INFO 2620 --- [blog-application] [restartedMain] o.s.b.w.embedded.tomcat.TomcatWebServer  : Tomcat initialized with port 8081 (http)
2024-05-30T23:42:30.666+03:30  INFO 2620 --- [blog-application] [restartedMain] o.apache.catalina.core.StandardService   : Starting service [Tomcat]
2024-05-30T23:42:30.666+03:30  INFO 2620 --- [blog-application] [restartedMain] o.apache.catalina.core.StandardEngine    : Starting Servlet engine: [Apache Tomcat/10.1.24]
2024-05-30T23:42:30.681+03:30  INFO 2620 --- [blog-application] [restartedMain] o.a.c.c.C.[Tomcat].[localhost].[/]       : Initializing Spring embedded WebApplicationContext
2024-05-30T23:42:30.681+03:30  INFO 2620 --- [blog-application] [restartedMain] w.s.c.ServletWebServerApplicationContext : Root WebApplicationContext: initialization completed in 347 ms
2024-05-30T23:42:30.719+03:30  INFO 2620 --- [blog-application] [restartedMain] o.hibernate.jpa.internal.util.LogHelper  : HHH000204: Processing PersistenceUnitInfo [name: default]
2024-05-30T23:42:30.721+03:30  INFO 2620 --- [blog-application] [restartedMain] o.h.c.internal.RegionFactoryInitiator    : HHH000026: Second-level cache disabled
2024-05-30T23:42:30.728+03:30  INFO 2620 --- [blog-application] [restartedMain] o.s.o.j.p.SpringPersistenceUnitInfo      : No LoadTimeWeaver setup: ignoring JPA class transformer
2024-05-30T23:42:30.730+03:30  INFO 2620 --- [blog-application] [restartedMain] com.zaxxer.hikari.HikariDataSource       : HikariPool-2 - Starting...
2024-05-30T23:42:30.814+03:30  INFO 2620 --- [blog-application] [restartedMain] com.zaxxer.hikari.pool.HikariPool        : HikariPool-2 - Added connection org.postgresql.jdbc.PgConnection@2a73941d
2024-05-30T23:42:30.814+03:30  INFO 2620 --- [blog-application] [restartedMain] com.zaxxer.hikari.HikariDataSource       : HikariPool-2 - Start completed.
2024-05-30T23:42:30.826+03:30  WARN 2620 --- [blog-application] [restartedMain] org.hibernate.orm.deprecation            : HHH90000025: PostgreSQLDialect does not need to be specified explicitly using 'hibernate.dialect' (remove the property setting and it will be selected by default)
2024-05-30T23:42:31.589+03:30  INFO 2620 --- [blog-application] [restartedMain] o.h.e.t.j.p.i.JtaPlatformInitiator       : HHH000489: No JTA platform available (set 'hibernate.transaction.jta.platform' to enable JTA platform integration)
2024-05-30T23:42:31.690+03:30  WARN 2620 --- [blog-application] [restartedMain] o.h.engine.jdbc.spi.SqlExceptionHelper   : SQL Warning Code: 0, SQLState: 00000
2024-05-30T23:42:31.691+03:30  WARN 2620 --- [blog-application] [restartedMain] o.h.engine.jdbc.spi.SqlExceptionHelper   : table "users" does not exist, skipping
2024-05-30T23:42:31.738+03:30  INFO 2620 --- [blog-application] [restartedMain] j.LocalContainerEntityManagerFactoryBean : Initialized JPA EntityManagerFactory for persistence unit 'default'
2024-05-30T23:42:31.772+03:30  WARN 2620 --- [blog-application] [restartedMain] JpaBaseConfiguration$JpaWebConfiguration : spring.jpa.open-in-view is enabled by default. Therefore, database queries may be performed during view rendering. Explicitly configure spring.jpa.open-in-view to disable this warning
2024-05-30T23:42:31.956+03:30  INFO 2620 --- [blog-application] [restartedMain] o.s.b.d.a.OptionalLiveReloadServer       : LiveReload server is running on port 35729
2024-05-30T23:42:31.969+03:30  INFO 2620 --- [blog-application] [restartedMain] o.s.b.w.embedded.tomcat.TomcatWebServer  : Tomcat started on port 8081 (http) with context path ''
2024-05-30T23:42:31.975+03:30  INFO 2620 --- [blog-application] [restartedMain] com.blog_application.BlogApplication     : Started BlogApplication in 1.687 seconds (process running for 310.985)
2024-05-30T23:42:31.977+03:30  INFO 2620 --- [blog-application] [restartedMain] .ConditionEvaluationDeltaLoggingListener : Condition evaluation unchanged
2024-05-30T23:43:23.403+03:30  INFO 2620 --- [blog-application] [File Watcher] rtingClassPathChangeChangedEventListener : Restarting due to 1 class path change (0 additions, 1 deletion, 0 modifications)
2024-05-30T23:43:23.413+03:30  INFO 2620 --- [blog-application] [Thread-7] j.LocalContainerEntityManagerFactoryBean : Closing JPA EntityManagerFactory for persistence unit 'default'
2024-05-30T23:43:23.414+03:30  INFO 2620 --- [blog-application] [Thread-7] com.zaxxer.hikari.HikariDataSource       : HikariPool-2 - Shutdown initiated...
2024-05-30T23:43:23.418+03:30  INFO 2620 --- [blog-application] [Thread-7] com.zaxxer.hikari.HikariDataSource       : HikariPool-2 - Shutdown completed.
2024-05-30T23:43:23.521+03:30  INFO 2620 --- [blog-application] [restartedMain] com.blog_application.BlogApplication     : Starting BlogApplication using Java 17.0.10 with PID 2620 (E:\Projects\blog-application\target\classes started by Mohammad in E:\Projects\blog-application)
2024-05-30T23:43:23.521+03:30  INFO 2620 --- [blog-application] [restartedMain] com.blog_application.BlogApplication     : No active profile set, falling back to 1 default profile: "default"
2024-05-30T23:43:23.724+03:30  INFO 2620 --- [blog-application] [restartedMain] .s.d.r.c.RepositoryConfigurationDelegate : Bootstrapping Spring Data JPA repositories in DEFAULT mode.
2024-05-30T23:43:23.725+03:30  INFO 2620 --- [blog-application] [restartedMain] .s.d.r.c.RepositoryConfigurationDelegate : Finished Spring Data repository scanning in 1 ms. Found 0 JPA repository interfaces.
2024-05-30T23:43:23.887+03:30  INFO 2620 --- [blog-application] [restartedMain] o.s.b.w.embedded.tomcat.TomcatWebServer  : Tomcat initialized with port 8081 (http)
2024-05-30T23:43:23.888+03:30  INFO 2620 --- [blog-application] [restartedMain] o.apache.catalina.core.StandardService   : Starting service [Tomcat]
2024-05-30T23:43:23.889+03:30  INFO 2620 --- [blog-application] [restartedMain] o.apache.catalina.core.StandardEngine    : Starting Servlet engine: [Apache Tomcat/10.1.24]
2024-05-30T23:43:23.919+03:30  INFO 2620 --- [blog-application] [restartedMain] o.a.c.c.C.[Tomcat].[localhost].[/]       : Initializing Spring embedded WebApplicationContext
2024-05-30T23:43:23.919+03:30  INFO 2620 --- [blog-application] [restartedMain] w.s.c.ServletWebServerApplicationContext : Root WebApplicationContext: initialization completed in 395 ms
2024-05-30T23:43:23.976+03:30  INFO 2620 --- [blog-application] [restartedMain] o.hibernate.jpa.internal.util.LogHelper  : HHH000204: Processing PersistenceUnitInfo [name: default]
2024-05-30T23:43:23.979+03:30  INFO 2620 --- [blog-application] [restartedMain] o.h.c.internal.RegionFactoryInitiator    : HHH000026: Second-level cache disabled
2024-05-30T23:43:23.984+03:30  INFO 2620 --- [blog-application] [restartedMain] o.s.o.j.p.SpringPersistenceUnitInfo      : No LoadTimeWeaver setup: ignoring JPA class transformer
2024-05-30T23:43:23.985+03:30  INFO 2620 --- [blog-application] [restartedMain] com.zaxxer.hikari.HikariDataSource       : HikariPool-3 - Starting...
2024-05-30T23:43:24.061+03:30  INFO 2620 --- [blog-application] [restartedMain] com.zaxxer.hikari.pool.HikariPool        : HikariPool-3 - Added connection org.postgresql.jdbc.PgConnection@3e334259
2024-05-30T23:43:24.062+03:30  INFO 2620 --- [blog-application] [restartedMain] com.zaxxer.hikari.HikariDataSource       : HikariPool-3 - Start completed.
2024-05-30T23:43:24.079+03:30  WARN 2620 --- [blog-application] [restartedMain] org.hibernate.orm.deprecation            : HHH90000025: PostgreSQLDialect does not need to be specified explicitly using 'hibernate.dialect' (remove the property setting and it will be selected by default)
2024-05-30T23:43:24.097+03:30  INFO 2620 --- [blog-application] [restartedMain] o.h.e.t.j.p.i.JtaPlatformInitiator       : HHH000489: No JTA platform available (set 'hibernate.transaction.jta.platform' to enable JTA platform integration)
2024-05-30T23:43:24.097+03:30  INFO 2620 --- [blog-application] [restartedMain] j.LocalContainerEntityManagerFactoryBean : Initialized JPA EntityManagerFactory for persistence unit 'default'
2024-05-30T23:43:24.115+03:30  WARN 2620 --- [blog-application] [restartedMain] JpaBaseConfiguration$JpaWebConfiguration : spring.jpa.open-in-view is enabled by default. Therefore, database queries may be performed during view rendering. Explicitly configure spring.jpa.open-in-view to disable this warning
2024-05-30T23:43:24.261+03:30  INFO 2620 --- [blog-application] [restartedMain] o.s.b.d.a.OptionalLiveReloadServer       : LiveReload server is running on port 35729
2024-05-30T23:43:24.280+03:30  INFO 2620 --- [blog-application] [restartedMain] o.s.b.w.embedded.tomcat.TomcatWebServer  : Tomcat started on port 8081 (http) with context path ''
2024-05-30T23:43:24.287+03:30  INFO 2620 --- [blog-application] [restartedMain] com.blog_application.BlogApplication     : Started BlogApplication in 0.789 seconds (process running for 363.298)
2024-05-30T23:43:24.288+03:30  INFO 2620 --- [blog-application] [restartedMain] .ConditionEvaluationDeltaLoggingListener : Condition evaluation unchanged
2024-05-30T23:43:25.687+03:30  INFO 2620 --- [blog-application] [File Watcher] rtingClassPathChangeChangedEventListener : Restarting due to 1 class path change (1 addition, 0 deletions, 0 modifications)
2024-05-30T23:43:25.694+03:30  INFO 2620 --- [blog-application] [Thread-11] j.LocalContainerEntityManagerFactoryBean : Closing JPA EntityManagerFactory for persistence unit 'default'
2024-05-30T23:43:25.695+03:30  INFO 2620 --- [blog-application] [Thread-11] com.zaxxer.hikari.HikariDataSource       : HikariPool-3 - Shutdown initiated...
2024-05-30T23:43:25.698+03:30  INFO 2620 --- [blog-application] [Thread-11] com.zaxxer.hikari.HikariDataSource       : HikariPool-3 - Shutdown completed.
2024-05-30T23:43:25.804+03:30  INFO 2620 --- [blog-application] [restartedMain] com.blog_application.BlogApplication     : Starting BlogApplication using Java 17.0.10 with PID 2620 (E:\Projects\blog-application\target\classes started by Mohammad in E:\Projects\blog-application)
2024-05-30T23:43:25.804+03:30  INFO 2620 --- [blog-application] [restartedMain] com.blog_application.BlogApplication     : No active profile set, falling back to 1 default profile: "default"
2024-05-30T23:43:25.940+03:30  INFO 2620 --- [blog-application] [restartedMain] .s.d.r.c.RepositoryConfigurationDelegate : Bootstrapping Spring Data JPA repositories in DEFAULT mode.
2024-05-30T23:43:25.942+03:30  INFO 2620 --- [blog-application] [restartedMain] .s.d.r.c.RepositoryConfigurationDelegate : Finished Spring Data repository scanning in 1 ms. Found 0 JPA repository interfaces.
2024-05-30T23:43:26.016+03:30  INFO 2620 --- [blog-application] [restartedMain] o.s.b.w.embedded.tomcat.TomcatWebServer  : Tomcat initialized with port 8081 (http)
2024-05-30T23:43:26.017+03:30  INFO 2620 --- [blog-application] [restartedMain] o.apache.catalina.core.StandardService   : Starting service [Tomcat]
2024-05-30T23:43:26.017+03:30  INFO 2620 --- [blog-application] [restartedMain] o.apache.catalina.core.StandardEngine    : Starting Servlet engine: [Apache Tomcat/10.1.24]
2024-05-30T23:43:26.032+03:30  INFO 2620 --- [blog-application] [restartedMain] o.a.c.c.C.[Tomcat].[localhost].[/]       : Initializing Spring embedded WebApplicationContext
2024-05-30T23:43:26.032+03:30  INFO 2620 --- [blog-application] [restartedMain] w.s.c.ServletWebServerApplicationContext : Root WebApplicationContext: initialization completed in 225 ms
2024-05-30T23:43:26.068+03:30  INFO 2620 --- [blog-application] [restartedMain] o.hibernate.jpa.internal.util.LogHelper  : HHH000204: Processing PersistenceUnitInfo [name: default]
2024-05-30T23:43:26.070+03:30  INFO 2620 --- [blog-application] [restartedMain] o.h.c.internal.RegionFactoryInitiator    : HHH000026: Second-level cache disabled
2024-05-30T23:43:26.074+03:30  INFO 2620 --- [blog-application] [restartedMain] o.s.o.j.p.SpringPersistenceUnitInfo      : No LoadTimeWeaver setup: ignoring JPA class transformer
2024-05-30T23:43:26.075+03:30  INFO 2620 --- [blog-application] [restartedMain] com.zaxxer.hikari.HikariDataSource       : HikariPool-4 - Starting...
2024-05-30T23:43:26.135+03:30  INFO 2620 --- [blog-application] [restartedMain] com.zaxxer.hikari.pool.HikariPool        : HikariPool-4 - Added connection org.postgresql.jdbc.PgConnection@5c4e7d2a
2024-05-30T23:43:26.136+03:30  INFO 2620 --- [blog-application] [restartedMain] com.zaxxer.hikari.HikariDataSource       : HikariPool-4 - Start completed.
2024-05-30T23:43:26.152+03:30  WARN 2620 --- [blog-application] [restartedMain] org.hibernate.orm.deprecation            : HHH90000025: PostgreSQLDialect does not need to be specified explicitly using 'hibernate.dialect' (remove the property setting and it will be selected by default)
2024-05-30T23:43:26.238+03:30  INFO 2620 --- [blog-application] [restartedMain] o.h.e.t.j.p.i.JtaPlatformInitiator       : HHH000489: No JTA platform available (set 'hibernate.transaction.jta.platform' to enable JTA platform integration)
2024-05-30T23:43:26.266+03:30  INFO 2620 --- [blog-application] [restartedMain] j.LocalContainerEntityManagerFactoryBean : Initialized JPA EntityManagerFactory for persistence unit 'default'
2024-05-30T23:43:26.285+03:30  WARN 2620 --- [blog-application] [restartedMain] JpaBaseConfiguration$JpaWebConfiguration : spring.jpa.open-in-view is enabled by default. Therefore, database queries may be performed during view rendering. Explicitly configure spring.jpa.open-in-view to disable this warning
2024-05-30T23:43:26.397+03:30  INFO 2620 --- [blog-application] [restartedMain] o.s.b.d.a.OptionalLiveReloadServer       : LiveReload server is running on port 35729
2024-05-30T23:43:26.409+03:30  INFO 2620 --- [blog-application] [restartedMain] o.s.b.w.embedded.tomcat.TomcatWebServer  : Tomcat started on port 8081 (http) with context path ''
2024-05-30T23:43:26.416+03:30  INFO 2620 --- [blog-application] [restartedMain] com.blog_application.BlogApplication     : Started BlogApplication in 0.642 seconds (process running for 365.427)
2024-05-30T23:43:26.417+03:30  INFO 2620 --- [blog-application] [restartedMain] .ConditionEvaluationDeltaLoggingListener : Condition evaluation unchanged
2024-05-30T23:43:36.947+03:30  INFO 2620 --- [blog-application] [File Watcher] rtingClassPathChangeChangedEventListener : Restarting due to 1 class path change (0 additions, 1 deletion, 0 modifications)
2024-05-30T23:43:36.951+03:30  INFO 2620 --- [blog-application] [Thread-15] j.LocalContainerEntityManagerFactoryBean : Closing JPA EntityManagerFactory for persistence unit 'default'
2024-05-30T23:43:36.951+03:30  INFO 2620 --- [blog-application] [Thread-15] com.zaxxer.hikari.HikariDataSource       : HikariPool-4 - Shutdown initiated...
2024-05-30T23:43:36.958+03:30  INFO 2620 --- [blog-application] [Thread-15] com.zaxxer.hikari.HikariDataSource       : HikariPool-4 - Shutdown completed.
2024-05-30T23:43:37.050+03:30  INFO 2620 --- [blog-application] [restartedMain] com.blog_application.BlogApplication     : Starting BlogApplication using Java 17.0.10 with PID 2620 (E:\Projects\blog-application\target\classes started by Mohammad in E:\Projects\blog-application)
2024-05-30T23:43:37.050+03:30  INFO 2620 --- [blog-application] [restartedMain] com.blog_application.BlogApplication     : No active profile set, falling back to 1 default profile: "default"
2024-05-30T23:43:37.202+03:30  INFO 2620 --- [blog-application] [restartedMain] .s.d.r.c.RepositoryConfigurationDelegate : Bootstrapping Spring Data JPA repositories in DEFAULT mode.
2024-05-30T23:43:37.203+03:30  INFO 2620 --- [blog-application] [restartedMain] .s.d.r.c.RepositoryConfigurationDelegate : Finished Spring Data repository scanning in 1 ms. Found 0 JPA repository interfaces.
2024-05-30T23:43:37.287+03:30  INFO 2620 --- [blog-application] [restartedMain] o.s.b.w.embedded.tomcat.TomcatWebServer  : Tomcat initialized with port 8081 (http)
2024-05-30T23:43:37.288+03:30  INFO 2620 --- [blog-application] [restartedMain] o.apache.catalina.core.StandardService   : Starting service [Tomcat]
2024-05-30T23:43:37.288+03:30  INFO 2620 --- [blog-application] [restartedMain] o.apache.catalina.core.StandardEngine    : Starting Servlet engine: [Apache Tomcat/10.1.24]
2024-05-30T23:43:37.301+03:30  INFO 2620 --- [blog-application] [restartedMain] o.a.c.c.C.[Tomcat].[localhost].[/]       : Initializing Spring embedded WebApplicationContext
2024-05-30T23:43:37.302+03:30  INFO 2620 --- [blog-application] [restartedMain] w.s.c.ServletWebServerApplicationContext : Root WebApplicationContext: initialization completed in 250 ms
2024-05-30T23:43:37.338+03:30  INFO 2620 --- [blog-application] [restartedMain] o.hibernate.jpa.internal.util.LogHelper  : HHH000204: Processing PersistenceUnitInfo [name: default]
2024-05-30T23:43:37.340+03:30  INFO 2620 --- [blog-application] [restartedMain] o.h.c.internal.RegionFactoryInitiator    : HHH000026: Second-level cache disabled
2024-05-30T23:43:37.344+03:30  INFO 2620 --- [blog-application] [restartedMain] o.s.o.j.p.SpringPersistenceUnitInfo      : No LoadTimeWeaver setup: ignoring JPA class transformer
2024-05-30T23:43:37.344+03:30  INFO 2620 --- [blog-application] [restartedMain] com.zaxxer.hikari.HikariDataSource       : HikariPool-5 - Starting...
2024-05-30T23:43:37.406+03:30  INFO 2620 --- [blog-application] [restartedMain] com.zaxxer.hikari.pool.HikariPool        : HikariPool-5 - Added connection org.postgresql.jdbc.PgConnection@57461b21
2024-05-30T23:43:37.407+03:30  INFO 2620 --- [blog-application] [restartedMain] com.zaxxer.hikari.HikariDataSource       : HikariPool-5 - Start completed.
2024-05-30T23:43:37.422+03:30  WARN 2620 --- [blog-application] [restartedMain] org.hibernate.orm.deprecation            : HHH90000025: PostgreSQLDialect does not need to be specified explicitly using 'hibernate.dialect' (remove the property setting and it will be selected by default)
2024-05-30T23:43:37.436+03:30  INFO 2620 --- [blog-application] [restartedMain] o.h.e.t.j.p.i.JtaPlatformInitiator       : HHH000489: No JTA platform available (set 'hibernate.transaction.jta.platform' to enable JTA platform integration)
2024-05-30T23:43:37.437+03:30  INFO 2620 --- [blog-application] [restartedMain] j.LocalContainerEntityManagerFactoryBean : Initialized JPA EntityManagerFactory for persistence unit 'default'
2024-05-30T23:43:37.455+03:30  WARN 2620 --- [blog-application] [restartedMain] JpaBaseConfiguration$JpaWebConfiguration : spring.jpa.open-in-view is enabled by default. Therefore, database queries may be performed during view rendering. Explicitly configure spring.jpa.open-in-view to disable this warning
2024-05-30T23:43:37.573+03:30  INFO 2620 --- [blog-application] [restartedMain] o.s.b.d.a.OptionalLiveReloadServer       : LiveReload server is running on port 35729
2024-05-30T23:43:37.587+03:30  INFO 2620 --- [blog-application] [restartedMain] o.s.b.w.embedded.tomcat.TomcatWebServer  : Tomcat started on port 8081 (http) with context path ''
2024-05-30T23:43:37.597+03:30  INFO 2620 --- [blog-application] [restartedMain] com.blog_application.BlogApplication     : Started BlogApplication in 0.571 seconds (process running for 376.608)
2024-05-30T23:43:37.598+03:30  INFO 2620 --- [blog-application] [restartedMain] .ConditionEvaluationDeltaLoggingListener : Condition evaluation unchanged
2024-05-30T23:43:38.993+03:30  INFO 2620 --- [blog-application] [File Watcher] rtingClassPathChangeChangedEventListener : Restarting due to 1 class path change (1 addition, 0 deletions, 0 modifications)
2024-05-30T23:43:38.997+03:30  INFO 2620 --- [blog-application] [Thread-19] j.LocalContainerEntityManagerFactoryBean : Closing JPA EntityManagerFactory for persistence unit 'default'
2024-05-30T23:43:38.997+03:30  INFO 2620 --- [blog-application] [Thread-19] com.zaxxer.hikari.HikariDataSource       : HikariPool-5 - Shutdown initiated...
2024-05-30T23:43:39.004+03:30  INFO 2620 --- [blog-application] [Thread-19] com.zaxxer.hikari.HikariDataSource       : HikariPool-5 - Shutdown completed.
2024-05-30T23:43:39.078+03:30  INFO 2620 --- [blog-application] [restartedMain] com.blog_application.BlogApplication     : Starting BlogApplication using Java 17.0.10 with PID 2620 (E:\Projects\blog-application\target\classes started by Mohammad in E:\Projects\blog-application)
2024-05-30T23:43:39.078+03:30  INFO 2620 --- [blog-application] [restartedMain] com.blog_application.BlogApplication     : No active profile set, falling back to 1 default profile: "default"
2024-05-30T23:43:39.229+03:30  INFO 2620 --- [blog-application] [restartedMain] .s.d.r.c.RepositoryConfigurationDelegate : Bootstrapping Spring Data JPA repositories in DEFAULT mode.
2024-05-30T23:43:39.230+03:30  INFO 2620 --- [blog-application] [restartedMain] .s.d.r.c.RepositoryConfigurationDelegate : Finished Spring Data repository scanning in 1 ms. Found 0 JPA repository interfaces.
2024-05-30T23:43:39.324+03:30  INFO 2620 --- [blog-application] [restartedMain] o.s.b.w.embedded.tomcat.TomcatWebServer  : Tomcat initialized with port 8081 (http)
2024-05-30T23:43:39.325+03:30  INFO 2620 --- [blog-application] [restartedMain] o.apache.catalina.core.StandardService   : Starting service [Tomcat]
2024-05-30T23:43:39.325+03:30  INFO 2620 --- [blog-application] [restartedMain] o.apache.catalina.core.StandardEngine    : Starting Servlet engine: [Apache Tomcat/10.1.24]
2024-05-30T23:43:39.343+03:30  INFO 2620 --- [blog-application] [restartedMain] o.a.c.c.C.[Tomcat].[localhost].[/]       : Initializing Spring embedded WebApplicationContext
2024-05-30T23:43:39.343+03:30  INFO 2620 --- [blog-application] [restartedMain] w.s.c.ServletWebServerApplicationContext : Root WebApplicationContext: initialization completed in 263 ms
2024-05-30T23:43:39.379+03:30  INFO 2620 --- [blog-application] [restartedMain] o.hibernate.jpa.internal.util.LogHelper  : HHH000204: Processing PersistenceUnitInfo [name: default]
2024-05-30T23:43:39.382+03:30  INFO 2620 --- [blog-application] [restartedMain] o.h.c.internal.RegionFactoryInitiator    : HHH000026: Second-level cache disabled
2024-05-30T23:43:39.387+03:30  INFO 2620 --- [blog-application] [restartedMain] o.s.o.j.p.SpringPersistenceUnitInfo      : No LoadTimeWeaver setup: ignoring JPA class transformer
2024-05-30T23:43:39.388+03:30  INFO 2620 --- [blog-application] [restartedMain] com.zaxxer.hikari.HikariDataSource       : HikariPool-6 - Starting...
2024-05-30T23:43:39.457+03:30  INFO 2620 --- [blog-application] [restartedMain] com.zaxxer.hikari.pool.HikariPool        : HikariPool-6 - Added connection org.postgresql.jdbc.PgConnection@5b30a6a2
2024-05-30T23:43:39.457+03:30  INFO 2620 --- [blog-application] [restartedMain] com.zaxxer.hikari.HikariDataSource       : HikariPool-6 - Start completed.
2024-05-30T23:43:39.473+03:30  WARN 2620 --- [blog-application] [restartedMain] org.hibernate.orm.deprecation            : HHH90000025: PostgreSQLDialect does not need to be specified explicitly using 'hibernate.dialect' (remove the property setting and it will be selected by default)
2024-05-30T23:43:39.515+03:30  INFO 2620 --- [blog-application] [restartedMain] o.h.e.t.j.p.i.JtaPlatformInitiator       : HHH000489: No JTA platform available (set 'hibernate.transaction.jta.platform' to enable JTA platform integration)
2024-05-30T23:43:39.544+03:30  INFO 2620 --- [blog-application] [restartedMain] j.LocalContainerEntityManagerFactoryBean : Initialized JPA EntityManagerFactory for persistence unit 'default'
2024-05-30T23:43:39.561+03:30  WARN 2620 --- [blog-application] [restartedMain] JpaBaseConfiguration$JpaWebConfiguration : spring.jpa.open-in-view is enabled by default. Therefore, database queries may be performed during view rendering. Explicitly configure spring.jpa.open-in-view to disable this warning
2024-05-30T23:43:39.695+03:30  INFO 2620 --- [blog-application] [restartedMain] o.s.b.d.a.OptionalLiveReloadServer       : LiveReload server is running on port 35729
2024-05-30T23:43:39.705+03:30  INFO 2620 --- [blog-application] [restartedMain] o.s.b.w.embedded.tomcat.TomcatWebServer  : Tomcat started on port 8081 (http) with context path ''
2024-05-30T23:43:39.712+03:30  INFO 2620 --- [blog-application] [restartedMain] com.blog_application.BlogApplication     : Started BlogApplication in 0.657 seconds (process running for 378.722)
2024-05-30T23:43:39.713+03:30  INFO 2620 --- [blog-application] [restartedMain] .ConditionEvaluationDeltaLoggingListener : Condition evaluation unchanged
2024-05-30T23:44:53.947+03:30  INFO 2620 --- [blog-application] [SpringApplicationShutdownHook] j.LocalContainerEntityManagerFactoryBean : Closing JPA EntityManagerFactory for persistence unit 'default'
2024-05-30T23:44:53.948+03:30  INFO 2620 --- [blog-application] [SpringApplicationShutdownHook] com.zaxxer.hikari.HikariDataSource       : HikariPool-6 - Shutdown initiated...
2024-05-30T23:44:53.961+03:30  INFO 2620 --- [blog-application] [SpringApplicationShutdownHook] com.zaxxer.hikari.HikariDataSource       : HikariPool-6 - Shutdown completed.
2024-05-30T23:44:58.518+03:30  INFO 16832 --- [blog-application] [restartedMain] com.blog_application.BlogApplication     : Starting BlogApplication using Java 17.0.10 with PID 16832 (E:\Projects\blog-application\target\classes started by Mohammad in E:\Projects\blog-application)
2024-05-30T23:44:58.521+03:30  INFO 16832 --- [blog-application] [restartedMain] com.blog_application.BlogApplication     : No active profile set, falling back to 1 default profile: "default"
2024-05-30T23:44:58.575+03:30  INFO 16832 --- [blog-application] [restartedMain] .e.DevToolsPropertyDefaultsPostProcessor : Devtools property defaults active! Set 'spring.devtools.add-properties' to 'false' to disable
2024-05-30T23:44:58.575+03:30  INFO 16832 --- [blog-application] [restartedMain] .e.DevToolsPropertyDefaultsPostProcessor : For additional web related logging consider setting the 'logging.level.web' property to 'DEBUG'
2024-05-30T23:44:59.230+03:30  INFO 16832 --- [blog-application] [restartedMain] .s.d.r.c.RepositoryConfigurationDelegate : Bootstrapping Spring Data JPA repositories in DEFAULT mode.
2024-05-30T23:44:59.251+03:30  INFO 16832 --- [blog-application] [restartedMain] .s.d.r.c.RepositoryConfigurationDelegate : Finished Spring Data repository scanning in 13 ms. Found 0 JPA repository interfaces.
2024-05-30T23:44:59.902+03:30  INFO 16832 --- [blog-application] [restartedMain] o.s.b.w.embedded.tomcat.TomcatWebServer  : Tomcat initialized with port 8081 (http)
2024-05-30T23:44:59.918+03:30  INFO 16832 --- [blog-application] [restartedMain] o.apache.catalina.core.StandardService   : Starting service [Tomcat]
2024-05-30T23:44:59.919+03:30  INFO 16832 --- [blog-application] [restartedMain] o.apache.catalina.core.StandardEngine    : Starting Servlet engine: [Apache Tomcat/10.1.24]
2024-05-30T23:44:59.975+03:30  INFO 16832 --- [blog-application] [restartedMain] o.a.c.c.C.[Tomcat].[localhost].[/]       : Initializing Spring embedded WebApplicationContext
2024-05-30T23:44:59.977+03:30  INFO 16832 --- [blog-application] [restartedMain] w.s.c.ServletWebServerApplicationContext : Root WebApplicationContext: initialization completed in 1401 ms
2024-05-30T23:45:00.164+03:30  INFO 16832 --- [blog-application] [restartedMain] o.hibernate.jpa.internal.util.LogHelper  : HHH000204: Processing PersistenceUnitInfo [name: default]
2024-05-30T23:45:00.223+03:30  INFO 16832 --- [blog-application] [restartedMain] org.hibernate.Version                    : HHH000412: Hibernate ORM core version 6.4.8.Final
2024-05-30T23:45:00.269+03:30  INFO 16832 --- [blog-application] [restartedMain] o.h.c.internal.RegionFactoryInitiator    : HHH000026: Second-level cache disabled
2024-05-30T23:45:00.531+03:30  INFO 16832 --- [blog-application] [restartedMain] o.s.o.j.p.SpringPersistenceUnitInfo      : No LoadTimeWeaver setup: ignoring JPA class transformer
2024-05-30T23:45:00.558+03:30  INFO 16832 --- [blog-application] [restartedMain] com.zaxxer.hikari.HikariDataSource       : HikariPool-1 - Starting...
2024-05-30T23:45:00.799+03:30  INFO 16832 --- [blog-application] [restartedMain] com.zaxxer.hikari.pool.HikariPool        : HikariPool-1 - Added connection org.postgresql.jdbc.PgConnection@4750a1bf
2024-05-30T23:45:00.803+03:30  INFO 16832 --- [blog-application] [restartedMain] com.zaxxer.hikari.HikariDataSource       : HikariPool-1 - Start completed.
2024-05-30T23:45:00.845+03:30  WARN 16832 --- [blog-application] [restartedMain] org.hibernate.orm.deprecation            : HHH90000025: PostgreSQLDialect does not need to be specified explicitly using 'hibernate.dialect' (remove the property setting and it will be selected by default)
2024-05-30T23:45:01.860+03:30  INFO 16832 --- [blog-application] [restartedMain] o.h.e.t.j.p.i.JtaPlatformInitiator       : HHH000489: No JTA platform available (set 'hibernate.transaction.jta.platform' to enable JTA platform integration)
2024-05-30T23:45:01.922+03:30  INFO 16832 --- [blog-application] [restartedMain] j.LocalContainerEntityManagerFactoryBean : Initialized JPA EntityManagerFactory for persistence unit 'default'
2024-05-30T23:45:01.976+03:30  WARN 16832 --- [blog-application] [restartedMain] JpaBaseConfiguration$JpaWebConfiguration : spring.jpa.open-in-view is enabled by default. Therefore, database queries may be performed during view rendering. Explicitly configure spring.jpa.open-in-view to disable this warning
2024-05-30T23:45:02.411+03:30  INFO 16832 --- [blog-application] [restartedMain] o.s.b.d.a.OptionalLiveReloadServer       : LiveReload server is running on port 35729
2024-05-30T23:45:02.453+03:30  INFO 16832 --- [blog-application] [restartedMain] o.s.b.w.embedded.tomcat.TomcatWebServer  : Tomcat started on port 8081 (http) with context path ''
2024-05-30T23:45:02.468+03:30  INFO 16832 --- [blog-application] [restartedMain] com.blog_application.BlogApplication     : Started BlogApplication in 4.454 seconds (process running for 5.215)
2024-05-30T23:46:08.696+03:30  INFO 16832 --- [blog-application] [SpringApplicationShutdownHook] j.LocalContainerEntityManagerFactoryBean : Closing JPA EntityManagerFactory for persistence unit 'default'
2024-05-30T23:46:08.701+03:30  INFO 16832 --- [blog-application] [SpringApplicationShutdownHook] com.zaxxer.hikari.HikariDataSource       : HikariPool-1 - Shutdown initiated...
2024-05-30T23:46:08.717+03:30  INFO 16832 --- [blog-application] [SpringApplicationShutdownHook] com.zaxxer.hikari.HikariDataSource       : HikariPool-1 - Shutdown completed.
2024-05-30T23:46:12.832+03:30  INFO 7804 --- [blog-application] [restartedMain] com.blog_application.BlogApplication     : Starting BlogApplication using Java 17.0.10 with PID 7804 (E:\Projects\blog-application\target\classes started by Mohammad in E:\Projects\blog-application)
2024-05-30T23:46:12.835+03:30  INFO 7804 --- [blog-application] [restartedMain] com.blog_application.BlogApplication     : No active profile set, falling back to 1 default profile: "default"
2024-05-30T23:46:12.897+03:30  INFO 7804 --- [blog-application] [restartedMain] .e.DevToolsPropertyDefaultsPostProcessor : Devtools property defaults active! Set 'spring.devtools.add-properties' to 'false' to disable
2024-05-30T23:46:12.897+03:30  INFO 7804 --- [blog-application] [restartedMain] .e.DevToolsPropertyDefaultsPostProcessor : For additional web related logging consider setting the 'logging.level.web' property to 'DEBUG'
2024-05-30T23:46:13.584+03:30  INFO 7804 --- [blog-application] [restartedMain] .s.d.r.c.RepositoryConfigurationDelegate : Bootstrapping Spring Data JPA repositories in DEFAULT mode.
2024-05-30T23:46:13.607+03:30  INFO 7804 --- [blog-application] [restartedMain] .s.d.r.c.RepositoryConfigurationDelegate : Finished Spring Data repository scanning in 13 ms. Found 0 JPA repository interfaces.
2024-05-30T23:46:14.316+03:30  INFO 7804 --- [blog-application] [restartedMain] o.s.b.w.embedded.tomcat.TomcatWebServer  : Tomcat initialized with port 8081 (http)
2024-05-30T23:46:14.329+03:30  INFO 7804 --- [blog-application] [restartedMain] o.apache.catalina.core.StandardService   : Starting service [Tomcat]
2024-05-30T23:46:14.330+03:30  INFO 7804 --- [blog-application] [restartedMain] o.apache.catalina.core.StandardEngine    : Starting Servlet engine: [Apache Tomcat/10.1.24]
2024-05-30T23:46:14.396+03:30  INFO 7804 --- [blog-application] [restartedMain] o.a.c.c.C.[Tomcat].[localhost].[/]       : Initializing Spring embedded WebApplicationContext
2024-05-30T23:46:14.396+03:30  INFO 7804 --- [blog-application] [restartedMain] w.s.c.ServletWebServerApplicationContext : Root WebApplicationContext: initialization completed in 1498 ms
2024-05-30T23:46:14.579+03:30  INFO 7804 --- [blog-application] [restartedMain] o.hibernate.jpa.internal.util.LogHelper  : HHH000204: Processing PersistenceUnitInfo [name: default]
2024-05-30T23:46:14.646+03:30  INFO 7804 --- [blog-application] [restartedMain] org.hibernate.Version                    : HHH000412: Hibernate ORM core version 6.4.8.Final
2024-05-30T23:46:14.683+03:30  INFO 7804 --- [blog-application] [restartedMain] o.h.c.internal.RegionFactoryInitiator    : HHH000026: Second-level cache disabled
2024-05-30T23:46:14.946+03:30  INFO 7804 --- [blog-application] [restartedMain] o.s.o.j.p.SpringPersistenceUnitInfo      : No LoadTimeWeaver setup: ignoring JPA class transformer
2024-05-30T23:46:14.970+03:30  INFO 7804 --- [blog-application] [restartedMain] com.zaxxer.hikari.HikariDataSource       : HikariPool-1 - Starting...
2024-05-30T23:46:15.188+03:30  INFO 7804 --- [blog-application] [restartedMain] com.zaxxer.hikari.pool.HikariPool        : HikariPool-1 - Added connection org.postgresql.jdbc.PgConnection@4052f63b
2024-05-30T23:46:15.190+03:30  INFO 7804 --- [blog-application] [restartedMain] com.zaxxer.hikari.HikariDataSource       : HikariPool-1 - Start completed.
2024-05-30T23:46:15.231+03:30  WARN 7804 --- [blog-application] [restartedMain] org.hibernate.orm.deprecation            : HHH90000025: PostgreSQLDialect does not need to be specified explicitly using 'hibernate.dialect' (remove the property setting and it will be selected by default)
2024-05-30T23:46:16.169+03:30  INFO 7804 --- [blog-application] [restartedMain] o.h.e.t.j.p.i.JtaPlatformInitiator       : HHH000489: No JTA platform available (set 'hibernate.transaction.jta.platform' to enable JTA platform integration)
2024-05-30T23:46:16.216+03:30  INFO 7804 --- [blog-application] [restartedMain] j.LocalContainerEntityManagerFactoryBean : Initialized JPA EntityManagerFactory for persistence unit 'default'
2024-05-30T23:46:16.265+03:30  WARN 7804 --- [blog-application] [restartedMain] JpaBaseConfiguration$JpaWebConfiguration : spring.jpa.open-in-view is enabled by default. Therefore, database queries may be performed during view rendering. Explicitly configure spring.jpa.open-in-view to disable this warning
2024-05-30T23:46:16.690+03:30  INFO 7804 --- [blog-application] [restartedMain] o.s.b.d.a.OptionalLiveReloadServer       : LiveReload server is running on port 35729
2024-05-30T23:46:16.734+03:30  INFO 7804 --- [blog-application] [restartedMain] o.s.b.w.embedded.tomcat.TomcatWebServer  : Tomcat started on port 8081 (http) with context path ''
2024-05-30T23:46:16.749+03:30  INFO 7804 --- [blog-application] [restartedMain] com.blog_application.BlogApplication     : Started BlogApplication in 4.416 seconds (process running for 5.285)
2024-05-30T23:47:36.357+03:30  INFO 7804 --- [blog-application] [SpringApplicationShutdownHook] j.LocalContainerEntityManagerFactoryBean : Closing JPA EntityManagerFactory for persistence unit 'default'
2024-05-30T23:47:36.362+03:30  INFO 7804 --- [blog-application] [SpringApplicationShutdownHook] com.zaxxer.hikari.HikariDataSource       : HikariPool-1 - Shutdown initiated...
2024-05-30T23:47:36.377+03:30  INFO 7804 --- [blog-application] [SpringApplicationShutdownHook] com.zaxxer.hikari.HikariDataSource       : HikariPool-1 - Shutdown completed.
2024-05-30T23:47:40.951+03:30  INFO 2860 --- [blog-application] [restartedMain] com.blog_application.BlogApplication     : Starting BlogApplication using Java 17.0.10 with PID 2860 (E:\Projects\blog-application\target\classes started by Mohammad in E:\Projects\blog-application)
2024-05-30T23:47:40.954+03:30  INFO 2860 --- [blog-application] [restartedMain] com.blog_application.BlogApplication     : No active profile set, falling back to 1 default profile: "default"
2024-05-30T23:47:41.010+03:30  INFO 2860 --- [blog-application] [restartedMain] .e.DevToolsPropertyDefaultsPostProcessor : Devtools property defaults active! Set 'spring.devtools.add-properties' to 'false' to disable
2024-05-30T23:47:41.011+03:30  INFO 2860 --- [blog-application] [restartedMain] .e.DevToolsPropertyDefaultsPostProcessor : For additional web related logging consider setting the 'logging.level.web' property to 'DEBUG'
2024-05-30T23:47:41.689+03:30  INFO 2860 --- [blog-application] [restartedMain] .s.d.r.c.RepositoryConfigurationDelegate : Bootstrapping Spring Data JPA repositories in DEFAULT mode.
2024-05-30T23:47:41.711+03:30  INFO 2860 --- [blog-application] [restartedMain] .s.d.r.c.RepositoryConfigurationDelegate : Finished Spring Data repository scanning in 14 ms. Found 0 JPA repository interfaces.
2024-05-30T23:47:42.268+03:30  INFO 2860 --- [blog-application] [restartedMain] o.s.b.w.embedded.tomcat.TomcatWebServer  : Tomcat initialized with port 8081 (http)
2024-05-30T23:47:42.278+03:30  INFO 2860 --- [blog-application] [restartedMain] o.apache.catalina.core.StandardService   : Starting service [Tomcat]
2024-05-30T23:47:42.279+03:30  INFO 2860 --- [blog-application] [restartedMain] o.apache.catalina.core.StandardEngine    : Starting Servlet engine: [Apache Tomcat/10.1.24]
2024-05-30T23:47:42.334+03:30  INFO 2860 --- [blog-application] [restartedMain] o.a.c.c.C.[Tomcat].[localhost].[/]       : Initializing Spring embedded WebApplicationContext
2024-05-30T23:47:42.335+03:30  INFO 2860 --- [blog-application] [restartedMain] w.s.c.ServletWebServerApplicationContext : Root WebApplicationContext: initialization completed in 1323 ms
2024-05-30T23:47:42.494+03:30  INFO 2860 --- [blog-application] [restartedMain] o.hibernate.jpa.internal.util.LogHelper  : HHH000204: Processing PersistenceUnitInfo [name: default]
2024-05-30T23:47:42.557+03:30  INFO 2860 --- [blog-application] [restartedMain] org.hibernate.Version                    : HHH000412: Hibernate ORM core version 6.4.8.Final
2024-05-30T23:47:42.587+03:30  INFO 2860 --- [blog-application] [restartedMain] o.h.c.internal.RegionFactoryInitiator    : HHH000026: Second-level cache disabled
2024-05-30T23:47:42.837+03:30  INFO 2860 --- [blog-application] [restartedMain] o.s.o.j.p.SpringPersistenceUnitInfo      : No LoadTimeWeaver setup: ignoring JPA class transformer
2024-05-30T23:47:42.862+03:30  INFO 2860 --- [blog-application] [restartedMain] com.zaxxer.hikari.HikariDataSource       : HikariPool-1 - Starting...
2024-05-30T23:47:43.091+03:30  INFO 2860 --- [blog-application] [restartedMain] com.zaxxer.hikari.pool.HikariPool        : HikariPool-1 - Added connection org.postgresql.jdbc.PgConnection@fd3681a
2024-05-30T23:47:43.093+03:30  INFO 2860 --- [blog-application] [restartedMain] com.zaxxer.hikari.HikariDataSource       : HikariPool-1 - Start completed.
2024-05-30T23:47:43.131+03:30  WARN 2860 --- [blog-application] [restartedMain] org.hibernate.orm.deprecation            : HHH90000025: PostgreSQLDialect does not need to be specified explicitly using 'hibernate.dialect' (remove the property setting and it will be selected by default)
2024-05-30T23:47:44.083+03:30  INFO 2860 --- [blog-application] [restartedMain] o.h.e.t.j.p.i.JtaPlatformInitiator       : HHH000489: No JTA platform available (set 'hibernate.transaction.jta.platform' to enable JTA platform integration)
2024-05-30T23:47:44.134+03:30  INFO 2860 --- [blog-application] [restartedMain] j.LocalContainerEntityManagerFactoryBean : Initialized JPA EntityManagerFactory for persistence unit 'default'
2024-05-30T23:47:44.182+03:30  WARN 2860 --- [blog-application] [restartedMain] JpaBaseConfiguration$JpaWebConfiguration : spring.jpa.open-in-view is enabled by default. Therefore, database queries may be performed during view rendering. Explicitly configure spring.jpa.open-in-view to disable this warning
2024-05-30T23:47:44.676+03:30  INFO 2860 --- [blog-application] [restartedMain] o.s.b.d.a.OptionalLiveReloadServer       : LiveReload server is running on port 35729
2024-05-30T23:47:44.718+03:30  INFO 2860 --- [blog-application] [restartedMain] o.s.b.w.embedded.tomcat.TomcatWebServer  : Tomcat started on port 8081 (http) with context path ''
2024-05-30T23:47:44.732+03:30  INFO 2860 --- [blog-application] [restartedMain] com.blog_application.BlogApplication     : Started BlogApplication in 4.283 seconds (process running for 5.041)
2024-05-30T23:53:34.517+03:30  INFO 2860 --- [blog-application] [File Watcher] rtingClassPathChangeChangedEventListener : Restarting due to 1 class path change (0 additions, 1 deletion, 0 modifications)
2024-05-30T23:53:34.530+03:30  INFO 2860 --- [blog-application] [Thread-5] j.LocalContainerEntityManagerFactoryBean : Closing JPA EntityManagerFactory for persistence unit 'default'
2024-05-30T23:53:34.534+03:30  INFO 2860 --- [blog-application] [Thread-5] com.zaxxer.hikari.HikariDataSource       : HikariPool-1 - Shutdown initiated...
2024-05-30T23:53:34.544+03:30  INFO 2860 --- [blog-application] [Thread-5] com.zaxxer.hikari.HikariDataSource       : HikariPool-1 - Shutdown completed.
2024-05-30T23:53:34.641+03:30  INFO 2860 --- [blog-application] [restartedMain] com.blog_application.BlogApplication     : Starting BlogApplication using Java 17.0.10 with PID 2860 (E:\Projects\blog-application\target\classes started by Mohammad in E:\Projects\blog-application)
2024-05-30T23:53:34.642+03:30  INFO 2860 --- [blog-application] [restartedMain] com.blog_application.BlogApplication     : No active profile set, falling back to 1 default profile: "default"
2024-05-30T23:53:34.800+03:30  INFO 2860 --- [blog-application] [restartedMain] .s.d.r.c.RepositoryConfigurationDelegate : Bootstrapping Spring Data JPA repositories in DEFAULT mode.
2024-05-30T23:53:34.803+03:30  INFO 2860 --- [blog-application] [restartedMain] .s.d.r.c.RepositoryConfigurationDelegate : Finished Spring Data repository scanning in 1 ms. Found 0 JPA repository interfaces.
2024-05-30T23:53:34.905+03:30  INFO 2860 --- [blog-application] [restartedMain] o.s.b.w.embedded.tomcat.TomcatWebServer  : Tomcat initialized with port 8081 (http)
2024-05-30T23:53:34.906+03:30  INFO 2860 --- [blog-application] [restartedMain] o.apache.catalina.core.StandardService   : Starting service [Tomcat]
2024-05-30T23:53:34.906+03:30  INFO 2860 --- [blog-application] [restartedMain] o.apache.catalina.core.StandardEngine    : Starting Servlet engine: [Apache Tomcat/10.1.24]
2024-05-30T23:53:34.923+03:30  INFO 2860 --- [blog-application] [restartedMain] o.a.c.c.C.[Tomcat].[localhost].[/]       : Initializing Spring embedded WebApplicationContext
2024-05-30T23:53:34.923+03:30  INFO 2860 --- [blog-application] [restartedMain] w.s.c.ServletWebServerApplicationContext : Root WebApplicationContext: initialization completed in 277 ms
2024-05-30T23:53:34.971+03:30  INFO 2860 --- [blog-application] [restartedMain] o.hibernate.jpa.internal.util.LogHelper  : HHH000204: Processing PersistenceUnitInfo [name: default]
2024-05-30T23:53:34.973+03:30  INFO 2860 --- [blog-application] [restartedMain] o.h.c.internal.RegionFactoryInitiator    : HHH000026: Second-level cache disabled
2024-05-30T23:53:34.979+03:30  INFO 2860 --- [blog-application] [restartedMain] o.s.o.j.p.SpringPersistenceUnitInfo      : No LoadTimeWeaver setup: ignoring JPA class transformer
2024-05-30T23:53:34.980+03:30  INFO 2860 --- [blog-application] [restartedMain] com.zaxxer.hikari.HikariDataSource       : HikariPool-2 - Starting...
2024-05-30T23:53:35.057+03:30  INFO 2860 --- [blog-application] [restartedMain] com.zaxxer.hikari.pool.HikariPool        : HikariPool-2 - Added connection org.postgresql.jdbc.PgConnection@24976c70
2024-05-30T23:53:35.058+03:30  INFO 2860 --- [blog-application] [restartedMain] com.zaxxer.hikari.HikariDataSource       : HikariPool-2 - Start completed.
2024-05-30T23:53:35.076+03:30  WARN 2860 --- [blog-application] [restartedMain] org.hibernate.orm.deprecation            : HHH90000025: PostgreSQLDialect does not need to be specified explicitly using 'hibernate.dialect' (remove the property setting and it will be selected by default)
2024-05-30T23:53:35.103+03:30  INFO 2860 --- [blog-application] [restartedMain] o.h.e.t.j.p.i.JtaPlatformInitiator       : HHH000489: No JTA platform available (set 'hibernate.transaction.jta.platform' to enable JTA platform integration)
2024-05-30T23:53:35.104+03:30  INFO 2860 --- [blog-application] [restartedMain] j.LocalContainerEntityManagerFactoryBean : Initialized JPA EntityManagerFactory for persistence unit 'default'
2024-05-30T23:53:35.136+03:30  WARN 2860 --- [blog-application] [restartedMain] JpaBaseConfiguration$JpaWebConfiguration : spring.jpa.open-in-view is enabled by default. Therefore, database queries may be performed during view rendering. Explicitly configure spring.jpa.open-in-view to disable this warning
2024-05-30T23:53:35.346+03:30  INFO 2860 --- [blog-application] [restartedMain] o.s.b.d.a.OptionalLiveReloadServer       : LiveReload server is running on port 35729
2024-05-30T23:53:35.359+03:30  INFO 2860 --- [blog-application] [restartedMain] o.s.b.w.embedded.tomcat.TomcatWebServer  : Tomcat started on port 8081 (http) with context path ''
2024-05-30T23:53:35.366+03:30  INFO 2860 --- [blog-application] [restartedMain] com.blog_application.BlogApplication     : Started BlogApplication in 0.759 seconds (process running for 355.675)
2024-05-30T23:53:35.370+03:30  INFO 2860 --- [blog-application] [restartedMain] .ConditionEvaluationDeltaLoggingListener : Condition evaluation unchanged
2024-05-30T23:54:29.718+03:30  INFO 2860 --- [blog-application] [File Watcher] rtingClassPathChangeChangedEventListener : Restarting due to 1 class path change (1 addition, 0 deletions, 0 modifications)
2024-05-30T23:54:29.722+03:30  INFO 2860 --- [blog-application] [Thread-7] j.LocalContainerEntityManagerFactoryBean : Closing JPA EntityManagerFactory for persistence unit 'default'
2024-05-30T23:54:29.723+03:30  INFO 2860 --- [blog-application] [Thread-7] com.zaxxer.hikari.HikariDataSource       : HikariPool-2 - Shutdown initiated...
2024-05-30T23:54:29.731+03:30  INFO 2860 --- [blog-application] [Thread-7] com.zaxxer.hikari.HikariDataSource       : HikariPool-2 - Shutdown completed.
2024-05-30T23:54:29.805+03:30  INFO 2860 --- [blog-application] [restartedMain] com.blog_application.BlogApplication     : Starting BlogApplication using Java 17.0.10 with PID 2860 (E:\Projects\blog-application\target\classes started by Mohammad in E:\Projects\blog-application)
2024-05-30T23:54:29.805+03:30  INFO 2860 --- [blog-application] [restartedMain] com.blog_application.BlogApplication     : No active profile set, falling back to 1 default profile: "default"
2024-05-30T23:54:29.951+03:30  INFO 2860 --- [blog-application] [restartedMain] .s.d.r.c.RepositoryConfigurationDelegate : Bootstrapping Spring Data JPA repositories in DEFAULT mode.
2024-05-30T23:54:29.953+03:30  INFO 2860 --- [blog-application] [restartedMain] .s.d.r.c.RepositoryConfigurationDelegate : Finished Spring Data repository scanning in 1 ms. Found 0 JPA repository interfaces.
2024-05-30T23:54:30.049+03:30  INFO 2860 --- [blog-application] [restartedMain] o.s.b.w.embedded.tomcat.TomcatWebServer  : Tomcat initialized with port 8081 (http)
2024-05-30T23:54:30.051+03:30  INFO 2860 --- [blog-application] [restartedMain] o.apache.catalina.core.StandardService   : Starting service [Tomcat]
2024-05-30T23:54:30.051+03:30  INFO 2860 --- [blog-application] [restartedMain] o.apache.catalina.core.StandardEngine    : Starting Servlet engine: [Apache Tomcat/10.1.24]
2024-05-30T23:54:30.071+03:30  INFO 2860 --- [blog-application] [restartedMain] o.a.c.c.C.[Tomcat].[localhost].[/]       : Initializing Spring embedded WebApplicationContext
2024-05-30T23:54:30.071+03:30  INFO 2860 --- [blog-application] [restartedMain] w.s.c.ServletWebServerApplicationContext : Root WebApplicationContext: initialization completed in 264 ms
2024-05-30T23:54:30.142+03:30  INFO 2860 --- [blog-application] [restartedMain] o.hibernate.jpa.internal.util.LogHelper  : HHH000204: Processing PersistenceUnitInfo [name: default]
2024-05-30T23:54:30.147+03:30  INFO 2860 --- [blog-application] [restartedMain] o.h.c.internal.RegionFactoryInitiator    : HHH000026: Second-level cache disabled
2024-05-30T23:54:30.151+03:30  INFO 2860 --- [blog-application] [restartedMain] o.s.o.j.p.SpringPersistenceUnitInfo      : No LoadTimeWeaver setup: ignoring JPA class transformer
2024-05-30T23:54:30.151+03:30  INFO 2860 --- [blog-application] [restartedMain] com.zaxxer.hikari.HikariDataSource       : HikariPool-3 - Starting...
2024-05-30T23:54:30.215+03:30  INFO 2860 --- [blog-application] [restartedMain] com.zaxxer.hikari.pool.HikariPool        : HikariPool-3 - Added connection org.postgresql.jdbc.PgConnection@1f9302ea
2024-05-30T23:54:30.215+03:30  INFO 2860 --- [blog-application] [restartedMain] com.zaxxer.hikari.HikariDataSource       : HikariPool-3 - Start completed.
2024-05-30T23:54:30.226+03:30  WARN 2860 --- [blog-application] [restartedMain] org.hibernate.orm.deprecation            : HHH90000025: PostgreSQLDialect does not need to be specified explicitly using 'hibernate.dialect' (remove the property setting and it will be selected by default)
2024-05-30T23:54:30.270+03:30  INFO 2860 --- [blog-application] [restartedMain] o.h.e.t.j.p.i.JtaPlatformInitiator       : HHH000489: No JTA platform available (set 'hibernate.transaction.jta.platform' to enable JTA platform integration)
2024-05-30T23:54:30.292+03:30  INFO 2860 --- [blog-application] [restartedMain] j.LocalContainerEntityManagerFactoryBean : Initialized JPA EntityManagerFactory for persistence unit 'default'
2024-05-30T23:54:30.307+03:30  WARN 2860 --- [blog-application] [restartedMain] JpaBaseConfiguration$JpaWebConfiguration : spring.jpa.open-in-view is enabled by default. Therefore, database queries may be performed during view rendering. Explicitly configure spring.jpa.open-in-view to disable this warning
2024-05-30T23:54:30.421+03:30  INFO 2860 --- [blog-application] [restartedMain] o.s.b.d.a.OptionalLiveReloadServer       : LiveReload server is running on port 35729
2024-05-30T23:54:30.444+03:30  INFO 2860 --- [blog-application] [restartedMain] o.s.b.w.embedded.tomcat.TomcatWebServer  : Tomcat started on port 8081 (http) with context path ''
2024-05-30T23:54:30.451+03:30  INFO 2860 --- [blog-application] [restartedMain] com.blog_application.BlogApplication     : Started BlogApplication in 0.673 seconds (process running for 410.76)
2024-05-30T23:54:30.453+03:30  INFO 2860 --- [blog-application] [restartedMain] .ConditionEvaluationDeltaLoggingListener : Condition evaluation unchanged
